<?xml version="1.0" encoding="UTF-8"?>
<!-- Generated by org.testng.reporters.JUnitReportReporter -->
<testsuite hostname="LAPTOP-B982657T" failures="0" tests="1" name="com.Vtiger.Practice.DateAndTime" time="0.075" errors="0" timestamp="2025-09-26T17:14:20 IST" skipped="0">
  <testcase classname="com.Vtiger.Practice.DateAndTime" name="getdata" time="0.075"/>
</testsuite> <!-- com.Vtiger.Practice.DateAndTime -->
