<?xml version="1.0" encoding="UTF-8"?>
<!-- Generated by org.testng.reporters.JUnitReportReporter -->
<testsuite hostname="LAPTOP-B982657T" failures="0" tests="1" name="com.Vtiger.Organization.CreateOrganizationTest" time="69.116" errors="0" timestamp="2025-10-03T16:56:10 IST" skipped="0">
  <testcase classname="com.Vtiger.Organization.CreateOrganizationTest" name="createOrg" time="69.116"/>
  <system-out>
    <![CDATA[Browser Launched Successfully
logged in Successfully
logged out successfully
browser closed successfully
database disconnected]]>
  </system-out>
</testsuite> <!-- com.Vtiger.Organization.CreateOrganizationTest -->
