<?xml version="1.0" encoding="UTF-8"?>
<!-- Generated by org.testng.reporters.JUnitReportReporter -->
<testsuite hostname="LAPTOP-B982657T" failures="0" tests="1" name="package1.Sample" time="12.156" errors="0" timestamp="2025-09-23T17:55:25 IST" skipped="0">
  <testcase classname="package1.Sample" name="sample" time="12.156">
    <system-out>
      <![CDATA[This is my sample test]]>
    </system-out>
  </testcase> <!-- sample -->
  <system-out>
    <![CDATA[Browser Launched Successfully
logged in Successfully
This is my sample test
logged out successfully
browser closed successfully
database disconnected]]>
  </system-out>
</testsuite> <!-- package1.Sample -->
